<?xml version="1.0" encoding="UTF-8"?>

<!--
 * See the NOTICE file distributed with this work for additional
 * information regarding copyright ownership.
 *
 * This is free software; you can redistribute it and/or modify it
 * under the terms of the GNU Lesser General Public License as
 * published by the Free Software Foundation; either version 2.1 of
 * the License, or (at your option) any later version.
 *
 * This software is distributed in the hope that it will be useful,
 * but WITHOUT ANY WARRANTY; without even the implied warranty of
 * MERCHANTABILITY or FITNESS FOR A PARTICULAR PURPOSE. See the GNU
 * Lesser General Public License for more details.
 *
 * You should have received a copy of the GNU Lesser General Public
 * License along with this software; if not, write to the Free
 * Software Foundation, Inc., 51 Franklin St, Fifth Floor, Boston, MA
 * 02110-1301 USA, or see the FSF site: http://www.fsf.org.
-->

<infinispan
      xmlns:xsi="http://www.w3.org/2001/XMLSchema-instance"
      xsi:schemaLocation="urn:infinispan:config:9.4 http://www.infinispan.org/schemas/infinispan-config-9.4.xsd"
      xmlns="urn:infinispan:config:9.4">

   <!--
      ******************************************************************************************************************

      A summary of the format of this XML file and all available options can be see online:

         http://infinispan.org/docs/9.4.x/user_guide/user_guide.html

      ******************************************************************************************************************
   -->

   <cache-container name="xwiki" statistics="true" default-cache="the-default-cache" shutdown-hook="DEFAULT">

     <!--
         ******************************************************************************************************************
         All caches are named caches, and one of those is the default cache,
         according to the default-cache attribute in the cache container.
         Its configuration is inherited by all other named caches
         ******************************************************************************************************************
     -->

     <!-- The default cache. -->
     <local-cache name="the-default-cache">
        <memory>
          <object size="10000"/>
        </memory>
     </local-cache>

     <local-cache name="file-cache-nopath">
        <persistence>
           <!-- Let XWiki cache module set the proper location -->
           <file-store/>
        </persistence>
     </local-cache>

     <local-cache name="file-cache-path">
        <persistence>
           <file-store path="${java.io.tmpdir}"/>
        </persistence>
     </local-cache>

   </cache-container>
</infinispan>